Arguments: 
  /home/ubuntu/.nvm/versions/node/v9.11.1/bin/node /home/ubuntu/.nvm/versions/node/v9.11.1/bin/yarn run start

PATH: 
  /home/ubuntu/.nvm/versions/node/v9.11.1/bin:/usr/local/rvm/gems/ruby-2.4.0/bin:/usr/local/rvm/gems/ruby-2.4.0@global/bin:/usr/local/rvm/rubies/ruby-2.4.0/bin:/mnt/shared/bin:/home/ubuntu/workspace/node_modules/.bin:/home/ubuntu/bin:/usr/local/sbin:/usr/local/bin:/usr/sbin:/usr/bin:/sbin:/bin:/mnt/shared/sbin:/opt/gitl:/opt/go/bin:/mnt/shared/c9/app.nw/bin:/usr/local/rvm/bin

Yarn version: 
  1.5.1

Node version: 
  9.11.1

Platform: 
  linux x64

npm manifest: 
  {
    "name": "Mastering_javascript_functional_programming",
    "version": "1.0.0",
    "main": "index.js",
    "license": "MIT",
    "scripts": {
      "build": "node index.js",
      "start": "node ./dist/index.js",
      "pretty":"yarn prettier --write  ./*.ts &&yarn prettier --write  ./dist/*.js"
    },
    "dependencies": {
      "prettier": "^1.12.0",
      "typescript": "^2.8.1"
    }
  }

yarn manifest: 
  No manifest

Lockfile: 
  # THIS IS AN AUTOGENERATED FILE. DO NOT EDIT THIS FILE DIRECTLY.
  # yarn lockfile v1
  
  
  prettier@^1.12.0:
    version "1.12.0"
    resolved "https://registry.yarnpkg.com/prettier/-/prettier-1.12.0.tgz#d26fc5894b9230de97629b39cae225b503724ce8"
  
  typescript@^2.8.1:
    version "2.8.1"
    resolved "https://registry.yarnpkg.com/typescript/-/typescript-2.8.1.tgz#6160e4f8f195d5ba81d4876f9c0cc1fbc0820624"

Trace: 
  Error: Command failed.
  Exit code: 1
  Command: sh
  Arguments: -c node ./dist/index.js
  Directory: /home/ubuntu/workspace/examples/Mastering_javascript_functional_programming
  Output:
  
      at ProcessTermError.MessageError (/home/ubuntu/.nvm/versions/node/v9.11.1/lib/node_modules/yarn/lib/cli.js:186:110)
      at new ProcessTermError (/home/ubuntu/.nvm/versions/node/v9.11.1/lib/node_modules/yarn/lib/cli.js:226:113)
      at ChildProcess.<anonymous> (/home/ubuntu/.nvm/versions/node/v9.11.1/lib/node_modules/yarn/lib/cli.js:30281:17)
      at ChildProcess.emit (events.js:180:13)
      at maybeClose (internal/child_process.js:936:16)
      at Process.ChildProcess._handle.onexit (internal/child_process.js:220:5)
